TN:
SF:All.js
FNF:0
FNH:0
DA:1,1
DA:2,1
LF:2
LH:2
BRF:0
BRH:0
end_of_record
TN:
SF:input.js
FN:1,filtername
FNF:1
FNH:1
FNDA:6,filtername
DA:2,6
DA:3,1
DA:5,6
DA:6,3
DA:8,6
DA:9,1
DA:11,6
DA:12,2
DA:15,6
DA:17,1
LF:10
LH:10
BRDA:2,0,0,1
BRDA:2,0,1,5
BRDA:5,1,0,3
BRDA:5,1,1,3
BRDA:5,2,0,6
BRDA:5,2,1,4
BRDA:8,3,0,1
BRDA:8,3,1,5
BRDA:11,4,0,2
BRDA:11,4,1,4
BRF:10
BRH:10
end_of_record
TN:
SF:say.js
FN:1,Sayhello
FNF:1
FNH:1
FNDA:1,Sayhello
DA:2,1
DA:4,1
LF:2
LH:2
BRF:0
BRH:0
end_of_record
TN:
SF:sum.js
FN:1,(anonymous_0)
FN:2,(anonymous_1)
FNF:2
FNH:2
FNDA:4,(anonymous_0)
FNDA:6,(anonymous_1)
DA:1,1
DA:2,6
DA:4,1
LF:3
LH:3
BRF:0
BRH:0
end_of_record
